e:\khmp_ed\build\khmp_ed\debug\vc120.pdb
e:\khmp_ed\build\khmp_ed\debug\vc120.idb
e:\khmp_ed\build\khmp_ed\debug\actiongroup.obj
e:\khmp_ed\build\khmp_ed\debug\attack.obj
e:\khmp_ed\build\khmp_ed\debug\mechanics.obj
e:\khmp_ed\build\khmp_ed\debug\basecharactercomponent.obj
e:\khmp_ed\build\khmp_ed\debug\stats.obj
e:\khmp_ed\build\khmp_ed\debug\actioncostoverride.obj
e:\khmp_ed\build\khmp_ed\debug\actionmodifiercomponent.obj
e:\khmp_ed\build\khmp_ed\debug\battlecharactercomponent.obj
e:\khmp_ed\build\khmp_ed\debug\componentcreators.obj
e:\khmp_ed\build\khmp_ed\debug\elementalcomponent.obj
e:\khmp_ed\build\khmp_ed\debug\statcomponent.obj
e:\khmp_ed\build\khmp_ed\debug\statlevelingcomponent.obj
e:\khmp_ed\build\khmp_ed\debug\statmanagercomponent.obj
e:\khmp_ed\build\khmp_ed\debug\useactioncomponent.obj
e:\khmp_ed\build\khmp_ed\debug\elements.obj
e:\khmp_ed\build\khmp_ed\debug\actionprocessedevent.obj
e:\khmp_ed\build\khmp_ed\debug\koevent.obj
e:\khmp_ed\build\khmp_ed\debug\statchangeevent.obj
e:\khmp_ed\build\khmp_ed\debug\itemcomponent.obj
e:\khmp_ed\build\khmp_ed\debug\main.obj
e:\khmp_ed\build\khmp_ed\debug\particlesystem.obj
e:\khmp_ed\build\khmp_ed\debug\awesomiumscreen.obj
e:\khmp_ed\build\khmp_ed\debug\screenmanager.obj
e:\khmp_ed\build\khmp_ed\debug\webtile.obj
e:\khmp_ed\build\khmp_ed\debug\inputmodule.obj
e:\khmp_ed\build\khmp_ed\debug\timedinputcontroller.obj
e:\khmp_ed\build\khmp_ed\debug\pugixml.obj
e:\khmp_ed\build\khmp_ed\debug\log.obj
e:\khmp_ed\build\khmp_ed\debug\map.obj
e:\khmp_ed\build\khmp_ed\debug\maplayer.obj
e:\khmp_ed\build\khmp_ed\debug\tilemap.obj
e:\khmp_ed\build\khmp_ed\debug\tileset.obj
e:\khmp_ed\build\khmp_ed\debug\callbacktimer.obj
e:\khmp_ed\build\khmp_ed\debug\stopwatch.obj
e:\khmp_ed\build\khmp_ed\debug\timer.obj
e:\khmp_ed\build\khmp_ed\debug\timingwindow.obj
e:\khmp_ed\build\khmp_ed\debug\awesomium_method_dispatcher.obj
e:\khmp_ed\build\khmp_ed\debug\base64.obj
e:\khmp_ed\build\khmp_ed\debug\propertymanager.obj
e:\khmp_ed\build\khmp_ed\debug\action.obj
e:\khmp_ed\build\khmp_ed\debug\audiosystem.obj
e:\khmp_ed\build\khmp_ed\debug\component.obj
e:\khmp_ed\build\khmp_ed\debug\applicationconfiguration.obj
e:\khmp_ed\build\khmp_ed\debug\engine.obj
e:\khmp_ed\build\khmp_ed\debug\entity.obj
e:\khmp_ed\build\khmp_ed\debug\entityfactory.obj
e:\khmp_ed\build\khmp_ed\debug\eventmanager.obj
e:\khmp_ed\build\khmp_ed\debug\audioevents.obj
e:\khmp_ed\build\khmp_ed\debug\inputactionevent.obj
e:\khmp_ed\build\khmp_ed\debug\timingwindowevents.obj
e:\khmp_ed\build\khmp_ed\debug\ievent.obj
e:\khmp_ed\build\khmp_ed\debug\awesomium.obj
e:\khmp_ed\build\khmp_ed\debug\bigsprite.obj
e:\khmp_ed\build\khmp_ed\debug\bigtexture.obj
e:\khmp_ed\build\khmp_ed\debug\enginetests.obj
e:\khmp_ed\build\debug\khmp_ed.ilk
e:\khmp_ed\build\debug\khmp_ed.exe
e:\khmp_ed\build\debug\khmp_ed.pdb
e:\khmp_ed\build\khmp_ed\debug\khmp_ed.tlog\cl.command.1.tlog
e:\khmp_ed\build\khmp_ed\debug\khmp_ed.tlog\cl.read.1.tlog
e:\khmp_ed\build\khmp_ed\debug\khmp_ed.tlog\cl.write.1.tlog
e:\khmp_ed\build\khmp_ed\debug\khmp_ed.tlog\link.command.1.tlog
e:\khmp_ed\build\khmp_ed\debug\khmp_ed.tlog\link.read.1.tlog
e:\khmp_ed\build\khmp_ed\debug\khmp_ed.tlog\link.write.1.tlog
